<?xml version='1.0' encoding='UTF-8'?>
<testsuite hostname="JORDAN-LDLC" name="example.ListsSuite" tests="11" errors="0" failures="0" time="0.015">
                     <properties>
[...]
</properties>
                     <testcase classname="example.ListsSuite" name="one plus one is two" time="0.009">
                                                 
                                               </testcase><testcase classname="example.ListsSuite" name="one plus one is three?" time="0.001">
                                                 
                                               </testcase><testcase classname="example.ListsSuite" name="details why one plus one is not three" time="0.002">
                                                 
                                               </testcase><testcase classname="example.ListsSuite" name="intNotZero throws an exception if its argument is 0" time="0.001">
                                                 
                                               </testcase><testcase classname="example.ListsSuite" name="sum of a few numbers" time="0.001">
                                                 
                                               </testcase><testcase classname="example.ListsSuite" name="max of a few numbers" time="0.0">
                                                 
                                               </testcase><testcase classname="example.ListsSuite" name="sum of a few numbers with negative numbers" time="0.0">
                                                 
                                               </testcase><testcase classname="example.ListsSuite" name="max of a few numbers with negative numbers" time="0.0">
                                                 
                                               </testcase><testcase classname="example.ListsSuite" name="sum of an empty List" time="0.0">
                                                 
                                               </testcase><testcase classname="example.ListsSuite" name="max throws an exception if its argument is empty" time="0.001">
                                                 
                                               </testcase><testcase classname="example.ListsSuite" name="max of a 1 element List" time="0.0">
                                                 
                                               </testcase>
                     <system-out></system-out>
                     <system-err></system-err>
                   </testsuite>